2023-04-20 19:06:09,272 - INFO - Product Coffee(name='Indonezia', price=1, acidity=5.05, roast_level='MEDIUM') published by producer 11
2023-04-20 19:06:09,276 - INFO - Product Tea(name='White Peach', price=5, type='White') published by producer 48
2023-04-20 19:06:09,276 - INFO - Product Coffee(name='Brasil', price=7, acidity=5.09, roast_level='MEDIUM') published by producer 45
2023-04-20 19:06:09,288 - INFO - Product Coffee(name='Arabica', price=9, acidity=5.02, roast_level='MEDIUM') published by producer 37
2023-04-20 19:06:09,299 - INFO - Product Coffee(name='Brasil', price=7, acidity=5.09, roast_level='MEDIUM') published by producer 7
2023-04-20 19:06:09,304 - INFO - Product Tea(name='English Breakfast', price=2, type='Black') published by producer 35
2023-04-20 19:06:09,305 - INFO - Output for publish: TRUE for producer 35 Tea(name='English Breakfast', price=2, type='Black')
2023-04-20 19:06:09,313 - INFO - Product Tea(name='Pai Mu Tan', price=9, type='White') published by producer 8
2023-04-20 19:06:09,319 - INFO - Product Tea(name='English Breakfast', price=2, type='Black') published by producer 26
2023-04-20 19:06:09,319 - INFO - Output for publish: TRUE for producer 26 Tea(name='English Breakfast', price=2, type='Black')
2023-04-20 19:06:09,322 - INFO - Product Coffee(name='Arabica', price=9, acidity=5.02, roast_level='MEDIUM') published by producer 13
2023-04-20 19:06:09,327 - INFO - Product Tea(name='Jasmine', price=6, type='Green') published by producer 2
2023-04-20 19:06:09,333 - INFO - Product Tea(name='Jasmine', price=6, type='Green') published by producer 36
2023-04-20 19:06:09,333 - INFO - Output for publish: TRUE for producer 36 Tea(name='Jasmine', price=6, type='Green')
2023-04-20 19:06:09,340 - INFO - Product Coffee(name='Ethiopia', price=10, acidity=5.09, roast_level='MEDIUM') published by producer 50
2023-04-20 19:06:09,340 - INFO - Output for publish: TRUE for producer 50 Coffee(name='Ethiopia', price=10, acidity=5.09, roast_level='MEDIUM')
2023-04-20 19:06:09,342 - INFO - Product Coffee(name='Brasil', price=7, acidity=5.09, roast_level='MEDIUM') published by producer 21
2023-04-20 19:06:09,342 - INFO - Product Tea(name='Pai Mu Tan', price=9, type='White') published by producer 17
2023-04-20 19:06:09,343 - INFO - Product Tea(name='Pai Mu Tan', price=9, type='White') published by producer 34
2023-04-20 19:06:09,343 - INFO - Output for publish: TRUE for producer 34 Tea(name='Pai Mu Tan', price=9, type='White')
2023-04-20 19:06:09,346 - INFO - Product Tea(name='White Peach', price=5, type='White') published by producer 48
2023-04-20 19:06:09,352 - INFO - Product Coffee(name='Indonezia', price=1, acidity=5.05, roast_level='MEDIUM') published by producer 9
2023-04-20 19:06:09,357 - INFO - Product Tea(name='Vietnam Oolong', price=10, type='Oolong') published by producer 22
2023-04-20 19:06:09,360 - INFO - Product Coffee(name='Arabica', price=9, acidity=5.02, roast_level='MEDIUM') published by producer 38
2023-04-20 19:06:09,362 - INFO - Product Tea(name='Vietnam Oolong', price=10, type='Oolong') published by producer 18
2023-04-20 19:06:09,368 - INFO - Product Coffee(name='Arabica', price=9, acidity=5.02, roast_level='MEDIUM') published by producer 37
2023-04-20 19:06:09,369 - INFO - Product Coffee(name='Indonezia', price=1, acidity=5.05, roast_level='MEDIUM') published by producer 16
2023-04-20 19:06:09,369 - INFO - Output for publish: TRUE for producer 16 Coffee(name='Indonezia', price=1, acidity=5.05, roast_level='MEDIUM')
2023-04-20 19:06:09,376 - INFO - Product Coffee(name='Brasil', price=7, acidity=5.09, roast_level='MEDIUM') published by producer 45
2023-04-20 19:06:09,378 - INFO - Product Coffee(name='Indonezia', price=1, acidity=5.05, roast_level='MEDIUM') published by producer 44
2023-04-20 19:06:09,378 - INFO - Product Coffee(name='Indonezia', price=1, acidity=5.05, roast_level='MEDIUM') published by producer 12
2023-04-20 19:06:09,380 - INFO - Product Coffee(name='Brasil', price=7, acidity=5.09, roast_level='MEDIUM') published by producer 7
2023-04-20 19:06:09,380 - INFO - Product Coffee(name='Indonezia', price=1, acidity=5.05, roast_level='MEDIUM') published by producer 40
2023-04-20 19:06:09,386 - INFO - Product Coffee(name='Indonezia', price=1, acidity=5.05, roast_level='MEDIUM') published by producer 33
2023-04-20 19:06:09,390 - INFO - Product Coffee(name='Robusta', price=3, acidity=5.0, roast_level='MEDIUM') published by producer 42
2023-04-20 19:06:09,391 - INFO - Product Tea(name='English Breakfast', price=2, type='Black') published by producer 24
2023-04-20 19:06:09,398 - INFO - Product Coffee(name='Robusta', price=3, acidity=5.0, roast_level='MEDIUM') published by producer 49
2023-04-20 19:06:09,399 - INFO - Output for publish: TRUE for producer 49 Coffee(name='Robusta', price=3, acidity=5.0, roast_level='MEDIUM')
2023-04-20 19:06:09,412 - INFO - Product Coffee(name='Indonezia', price=1, acidity=5.05, roast_level='MEDIUM') published by producer 31
2023-04-20 19:06:09,413 - INFO - Product Tea(name='White Peach', price=5, type='White') published by producer 32
2023-04-20 19:06:09,413 - INFO - Output for publish: TRUE for producer 32 Tea(name='White Peach', price=5, type='White')
2023-04-20 19:06:09,416 - INFO - Product Tea(name='White Peach', price=5, type='White') published by producer 48
2023-04-20 19:06:09,418 - INFO - Product Tea(name='Jasmine', price=6, type='Green') published by producer 2
2023-04-20 19:06:09,418 - INFO - Product Tea(name='Pai Mu Tan', price=9, type='White') published by producer 29
2023-04-20 19:06:09,418 - INFO - Product Coffee(name='Robusta', price=3, acidity=5.0, roast_level='MEDIUM') published by producer 6
2023-04-20 19:06:09,419 - INFO - Output for publish: TRUE for producer 6 Coffee(name='Robusta', price=3, acidity=5.0, roast_level='MEDIUM')
2023-04-20 19:06:09,426 - INFO - Product Coffee(name='Ethiopia', price=10, acidity=5.09, roast_level='MEDIUM') published by producer 25
2023-04-20 19:06:09,431 - INFO - Product Tea(name='White Peach', price=5, type='White') published by producer 30
2023-04-20 19:06:09,431 - INFO - Output for publish: TRUE for producer 30 Tea(name='White Peach', price=5, type='White')
2023-04-20 19:06:09,435 - INFO - Product Tea(name='Pai Mu Tan', price=9, type='White') published by producer 28
2023-04-20 19:06:09,437 - INFO - Product Tea(name='Vietnam Oolong', price=10, type='Oolong') published by producer 47
2023-04-20 19:06:09,437 - INFO - Product Tea(name='Vietnam Oolong', price=10, type='Oolong') published by producer 1
2023-04-20 19:06:09,437 - INFO - Output for publish: TRUE for producer 1 Tea(name='Vietnam Oolong', price=10, type='Oolong')
2023-04-20 19:06:09,442 - INFO - Product Tea(name='Jasmine', price=6, type='Green') published by producer 46
2023-04-20 19:06:09,442 - INFO - Output for publish: TRUE for producer 46 Tea(name='Jasmine', price=6, type='Green')
2023-04-20 19:06:09,442 - INFO - Product Coffee(name='Indonezia', price=1, acidity=5.05, roast_level='MEDIUM') published by producer 9
2023-04-20 19:06:09,449 - INFO - Product Coffee(name='Arabica', price=9, acidity=5.02, roast_level='MEDIUM') published by producer 37
2023-04-20 19:06:09,460 - INFO - Product Coffee(name='Brasil', price=7, acidity=5.09, roast_level='MEDIUM') published by producer 7
2023-04-20 19:06:09,463 - INFO - Product Tea(name='Vietnam Oolong', price=10, type='Oolong') published by producer 18
2023-04-20 19:06:09,468 - INFO - Product Coffee(name='Indonezia', price=1, acidity=5.05, roast_level='MEDIUM') published by producer 3
2023-04-20 19:06:09,477 - INFO - Product Coffee(name='Brasil', price=7, acidity=5.09, roast_level='MEDIUM') published by producer 45
2023-04-20 19:06:09,478 - INFO - Product Coffee(name='Brasil', price=7, acidity=5.09, roast_level='MEDIUM') published by producer 41
2023-04-20 19:06:09,479 - INFO - Output for publish: TRUE for producer 41 Coffee(name='Brasil', price=7, acidity=5.09, roast_level='MEDIUM')
2023-04-20 19:06:09,483 - INFO - Product Coffee(name='Brasil', price=7, acidity=5.09, roast_level='MEDIUM') published by producer 21
2023-04-20 19:06:09,487 - INFO - Product Tea(name='White Peach', price=5, type='White') published by producer 48
2023-04-20 19:06:09,489 - INFO - Product Coffee(name='Robusta', price=3, acidity=5.0, roast_level='MEDIUM') published by producer 15
2023-04-20 19:06:09,489 - INFO - Output for publish: TRUE for producer 15 Coffee(name='Robusta', price=3, acidity=5.0, roast_level='MEDIUM')
2023-04-20 19:06:09,494 - INFO - Product Tea(name='Jasmine', price=6, type='Green') published by producer 36
2023-04-20 19:06:09,494 - INFO - Output for publish: TRUE for producer 36 Tea(name='Jasmine', price=6, type='Green')
2023-04-20 19:06:09,497 - INFO - Product Tea(name='Pai Mu Tan', price=9, type='White') published by producer 39
2023-04-20 19:06:09,498 - INFO - Product Coffee(name='Indonezia', price=1, acidity=5.05, roast_level='MEDIUM') published by producer 4
2023-04-20 19:06:09,498 - INFO - Output for publish: TRUE for producer 4 Coffee(name='Indonezia', price=1, acidity=5.05, roast_level='MEDIUM')
2023-04-20 19:06:09,508 - INFO - Product Tea(name='Jasmine', price=6, type='Green') published by producer 2
2023-04-20 19:06:09,509 - INFO - Product Coffee(name='Indonezia', price=1, acidity=5.05, roast_level='MEDIUM') published by producer 12
2023-04-20 19:06:09,510 - INFO - Product Coffee(name='Indonezia', price=1, acidity=5.05, roast_level='MEDIUM') published by producer 43
2023-04-20 19:06:09,510 - INFO - Output for publish: TRUE for producer 43 Coffee(name='Indonezia', price=1, acidity=5.05, roast_level='MEDIUM')
2023-04-20 19:06:09,510 - INFO - Product Coffee(name='Arabica', price=9, acidity=5.02, roast_level='MEDIUM') published by producer 38
2023-04-20 19:06:09,519 - INFO - Product Coffee(name='Indonezia', price=1, acidity=5.05, roast_level='MEDIUM') published by producer 44
2023-04-20 19:06:09,524 - INFO - Product Coffee(name='Robusta', price=3, acidity=5.0, roast_level='MEDIUM') published by producer 20
2023-04-20 19:06:09,529 - INFO - Product Coffee(name='Arabica', price=9, acidity=5.02, roast_level='MEDIUM') published by producer 37
2023-04-20 19:06:09,530 - INFO - Product Tea(name='English Breakfast', price=2, type='Black') published by producer 19
2023-04-20 19:06:09,530 - INFO - Output for publish: TRUE for producer 19 Tea(name='English Breakfast', price=2, type='Black')
2023-04-20 19:06:09,532 - INFO - Product Tea(name='Vietnam Oolong', price=10, type='Oolong') published by producer 10
2023-04-20 19:06:09,533 - INFO - Product Coffee(name='Indonezia', price=1, acidity=5.05, roast_level='MEDIUM') published by producer 9
2023-04-20 19:06:09,534 - INFO - Product Tea(name='Pai Mu Tan', price=9, type='White') published by producer 8
2023-04-20 19:06:09,537 - INFO - Product Coffee(name='Indonezia', price=1, acidity=5.05, roast_level='MEDIUM') published by producer 33
2023-04-20 19:06:09,539 - INFO - Product Tea(name='White Peach', price=5, type='White') published by producer 23
2023-04-20 19:06:09,541 - INFO - Product Coffee(name='Brasil', price=7, acidity=5.09, roast_level='MEDIUM') published by producer 7
2023-04-20 19:06:09,547 - INFO - Product Tea(name='Pai Mu Tan', price=9, type='White') published by producer 27
2023-04-20 19:06:09,547 - INFO - Output for publish: TRUE for producer 27 Tea(name='Pai Mu Tan', price=9, type='White')
2023-04-20 19:06:09,557 - INFO - Product Tea(name='White Peach', price=5, type='White') published by producer 48
2023-04-20 19:06:09,559 - INFO - Product Coffee(name='Robusta', price=3, acidity=5.0, roast_level='MEDIUM') published by producer 49
2023-04-20 19:06:09,563 - INFO - Product Tea(name='Vietnam Oolong', price=10, type='Oolong') published by producer 18
2023-04-20 19:06:09,564 - INFO - Product Coffee(name='Indonezia', price=1, acidity=5.05, roast_level='MEDIUM') published by producer 11
2023-04-20 19:06:09,571 - INFO - Product Coffee(name='Ethiopia', price=10, acidity=5.09, roast_level='MEDIUM') published by producer 50
2023-04-20 19:06:09,573 - INFO - Product Tea(name='Pai Mu Tan', price=9, type='White') published by producer 5
2023-04-20 19:06:09,577 - INFO - Product Coffee(name='Brasil', price=7, acidity=5.09, roast_level='MEDIUM') published by producer 45
2023-04-20 19:06:09,599 - INFO - Product Tea(name='Jasmine', price=6, type='Green') published by producer 2
2023-04-20 19:06:09,599 - INFO - Product Coffee(name='Arabica', price=9, acidity=5.02, roast_level='MEDIUM') published by producer 26
2023-04-20 19:06:09,600 - INFO - Output for publish: TRUE for producer 26 Coffee(name='Arabica', price=9, acidity=5.02, roast_level='MEDIUM')
2023-04-20 19:06:09,600 - INFO - Product Coffee(name='Robusta', price=3, acidity=5.0, roast_level='MEDIUM') published by producer 42
2023-04-20 19:06:09,608 - INFO - Product Coffee(name='Robusta', price=3, acidity=5.0, roast_level='MEDIUM') published by producer 14
2023-04-20 19:06:09,610 - INFO - Product Coffee(name='Arabica', price=9, acidity=5.02, roast_level='MEDIUM') published by producer 37
2023-04-20 19:06:09,613 - INFO - Product Coffee(name='Indonezia', price=1, acidity=5.05, roast_level='MEDIUM') published by producer 31
2023-04-20 19:06:09,620 - INFO - Product Tea(name='Jasmine', price=6, type='Green') published by producer 16
2023-04-20 19:06:09,620 - INFO - Output for publish: TRUE for producer 16 Tea(name='Jasmine', price=6, type='Green')
2023-04-20 19:06:09,621 - INFO - Product Coffee(name='Brasil', price=7, acidity=5.09, roast_level='MEDIUM') published by producer 7
2023-04-20 19:06:09,623 - INFO - Product Coffee(name='Indonezia', price=1, acidity=5.05, roast_level='MEDIUM') published by producer 9
2023-04-20 19:06:09,623 - INFO - Product Coffee(name='Brasil', price=7, acidity=5.09, roast_level='MEDIUM') published by producer 21
2023-04-20 19:06:09,624 - INFO - Product Tea(name='Pai Mu Tan', price=9, type='White') published by producer 17
2023-04-20 19:06:09,626 - INFO - Add to cart input:  577 Tea(name='Jasmine', price=6, type='Green')
2023-04-20 19:06:09,626 - INFO - Add to cart output: TRUE 577 Tea(name='Jasmine', price=6, type='Green')
2023-04-20 19:06:09,626 - INFO - Add to cart input:  577 Tea(name='Jasmine', price=6, type='Green')
2023-04-20 19:06:09,626 - INFO - Add to cart output: TRUE 577 Tea(name='Jasmine', price=6, type='Green')
2023-04-20 19:06:09,626 - INFO - Place order input:  577
2023-04-20 19:06:09,626 - INFO - Place order output:  [Tea(name='Jasmine', price=6, type='Green'), Tea(name='Jasmine', price=6, type='Green'), Tea(name='Jasmine', price=6, type='Green')]
2023-04-20 19:06:09,626 - INFO - New cart created
2023-04-20 19:06:09,627 - INFO - Add to cart input:  578 Coffee(name='Robusta', price=3, acidity=5.0, roast_level='MEDIUM')
2023-04-20 19:06:09,627 - INFO - Add to cart output: TRUE 578 Coffee(name='Robusta', price=3, acidity=5.0, roast_level='MEDIUM')
2023-04-20 19:06:09,627 - INFO - Add to cart input:  578 Coffee(name='Robusta', price=3, acidity=5.0, roast_level='MEDIUM')
2023-04-20 19:06:09,627 - INFO - Add to cart output: TRUE 578 Coffee(name='Robusta', price=3, acidity=5.0, roast_level='MEDIUM')
2023-04-20 19:06:09,627 - INFO - Add to cart input:  578 Coffee(name='Robusta', price=3, acidity=5.0, roast_level='MEDIUM')
2023-04-20 19:06:09,627 - INFO - Add to cart output: TRUE 578 Coffee(name='Robusta', price=3, acidity=5.0, roast_level='MEDIUM')
2023-04-20 19:06:09,627 - INFO - Place order input:  578
2023-04-20 19:06:09,627 - INFO - Place order output:  [Coffee(name='Robusta', price=3, acidity=5.0, roast_level='MEDIUM'), Coffee(name='Robusta', price=3, acidity=5.0, roast_level='MEDIUM'), Coffee(name='Robusta', price=3, acidity=5.0, roast_level='MEDIUM')]
